WARNING:werkzeug: * Debugger is active!
INFO:werkzeug: * Debugger PIN: 201-820-722
INFO:werkzeug: * Detected change in 'C:\\Users\\IT-1\\Desktop\\GriViktor\\Alica_geograph\\server.py', reloading
WARNING:werkzeug: * Debugger is active!
INFO:werkzeug: * Debugger PIN: 201-820-722
INFO:werkzeug: * Detected change in 'C:\\Users\\IT-1\\Desktop\\GriViktor\\Alica_geograph\\server.py', reloading
INFO:werkzeug:[31m[1mWARNING: This is a development server. Do not use it in a production deployment. Use a production WSGI server instead.[0m
 * Running on http://127.0.0.1:8000
INFO:werkzeug:[33mPress CTRL+C to quit[0m
INFO:werkzeug: * Restarting with stat
WARNING:werkzeug: * Debugger is active!
INFO:werkzeug: * Debugger PIN: 201-820-722
INFO:werkzeug:127.0.0.1 - - [26/Apr/2024 18:23:50] "[35m[1mPOST /post HTTP/1.1[0m" 500 -
INFO:werkzeug: * Detected change in 'C:\\Users\\IT-1\\Desktop\\GriViktor\\Alica_geograph\\server.py', reloading
INFO:werkzeug: * Restarting with stat
WARNING:werkzeug: * Debugger is active!
INFO:werkzeug: * Debugger PIN: 201-820-722
DEBUG:root:{'user_id': '2eac4854-fce721f3-b845abba-20d60', 'total_count_questions': -1, 'current_question': -1, 'count_correct_answers': -1, 'dialog_state': 'choice_difficult', 'categories': [], 'last_resp': '{"response": {"text": "\\u041f\\u0440\\u0438\\u0432\\u0435\\u0442, \\u0432 \\u044d\\u0442\\u043e\\u043c \\u043d\\u0430\\u0432\\u044b\\u043a\\u0435 \\u043c\\u044b \\u043f\\u0440\\u043e\\u0432\\u0435\\u0440\\u0438\\u043c \\u0442\\u0432\\u043e\\u0451 \\u0437\\u043d\\u0430\\u043d\\u0438\\u0435 \\u043f\\u043e \\u043f\\u0440\\u0435\\u0434\\u043c\\u0435\\u0442\\u0443 \\"\\u0413\\u0435\\u043e\\u0433\\u0440\\u0430\\u0444\\u0438\\u044f\\". \\u041d\\u0430\\u0447\\u0438\\u043d\\u0430\\u0435\\u043c!\\n\\u0412\\u044b\\u0431\\u0435\\u0440\\u0438\\u0442\\u0435 \\u0443\\u0440\\u043e\\u0432\\u0435\\u043d\\u044c \\u0441\\u043b\\u043e\\u0436\\u043d\\u043e\\u0441\\u0442\\u0438:", "tts": "\\u041f\\u0440\\u0438\\u0432\\u0435\\u0442, \\u0432 \\u044d\\u0442\\u043e\\u043c \\u043d\\u0430\\u0432\\u044b\\u043a\\u0435 \\u043c\\u044b \\u043f\\u0440\\u043e\\u0432\\u0435\\u0440\\u0438\\u043c \\u0442\\u0432\\u043e\\u0451 \\u0437\\u043d\\u0430\\u043d\\u0438\\u0435 \\u043f\\u043e \\u043f\\u0440\\u0435\\u0434\\u043c\\u0435\\u0442\\u0443 \\"\\u0413\\u0435\\u043e\\u0433\\u0440\\u0430\\u0444\\u0438\\u044f\\". \\u041d\\u0430\\u0447\\u0438\\u043d\\u0430\\u0435\\u043c!\\n\\u0412\\u044b\\u0431\\u0435\\u0440\\u0438\\u0442\\u0435 \\u0443\\u0440\\u043e\\u0432\\u0435\\u043d\\u044c \\u0441\\u043b\\u043e\\u0436\\u043d\\u043e\\u0441\\u0442\\u0438:", "end_session": false, "buttons": [{"title": "\\u0411\\u0430\\u0437\\u043e\\u0432\\u044b\\u0439", "hide": true}, {"title": "\\u0421\\u0440\\u0435\\u0434\\u043d\\u0438\\u0439", "hide": true}, {"title": "\\u0421\\u043b\\u043e\\u0436\\u043d\\u044b\\u0439", "hide": true}]}, "session": {"message_id": 1, "session_id": "2eac4854-fce721f3-b845abba-20d60", "skill_id": "3ad36498-f5rd-4079-a14b-788652932056", "user_id": "47C73714B580ED2469056E71081159529FFC676A4E5B059D629A819E857DC2F8", "user": {"user_id": "6C91DA5198D1758C6A9F63A7C5CDDF09359F683B13A18A151FBF4C8B092BB0C2", "access_token": "AgAAAAAB4vpbAAApoR1oaCd5yR6eiXSHqOGT8dT"}, "application": {"application_id": "47C73714B580ED2469056E71081159529FFC676A4E5B059D629A819E857DC2F8"}, "new": true}, "version": "1.0"}', 'difficult': -1, 'used_questions': [], 'correct_answer': ''}
INFO:werkzeug:127.0.0.1 - - [26/Apr/2024 18:25:50] "POST /post HTTP/1.1" 200 -
DEBUG:root:{'user_id': '2eac4854-fce721f3-b845abba-20d60', 'total_count_questions': 7, 'current_question': 1, 'count_correct_answers': 0, 'dialog_state': 'choice_categories', 'categories': [], 'last_resp': '{"response": {"text": "\\u0422\\u0435\\u043f\\u0435\\u0440\\u044c \\u0432\\u044b\\u0431\\u0435\\u0440\\u0438\\u0442\\u0435 \\u043a\\u0430\\u0442\\u0435\\u0433\\u043e\\u0440\\u0438\\u0438 \\u0432\\u043e\\u043f\\u0440\\u043e\\u0441\\u043e\\u0432", "tts": "\\u0422\\u0435\\u043f\\u0435\\u0440\\u044c \\u0432\\u044b\\u0431\\u0435\\u0440\\u0438\\u0442\\u0435 \\u043a\\u0430\\u0442\\u0435\\u0433\\u043e\\u0440\\u0438\\u0438 \\u0432\\u043e\\u043f\\u0440\\u043e\\u0441\\u043e\\u0432", "end_session": false, "buttons": [{"title": "\\u0412\\u0441\\u0435", "hide": true}, {"title": "\\u0413\\u043e\\u0440\\u044b", "hide": true}, {"title": "\\u0420\\u0435\\u043a\\u0438", "hide": true}]}, "session": {"message_id": 1, "session_id": "2eac4854-fce721f3-b845abba-20d60", "skill_id": "3ad36498-f5rd-4079-a14b-788652932056", "user_id": "47C73714B580ED2469056E71081159529FFC676A4E5B059D629A819E857DC2F8", "user": {"user_id": "6C91DA5198D1758C6A9F63A7C5CDDF09359F683B13A18A151FBF4C8B092BB0C2", "access_token": "AgAAAAAB4vpbAAApoR1oaCd5yR6eiXSHqOGT8dT"}, "application": {"application_id": "47C73714B580ED2469056E71081159529FFC676A4E5B059D629A819E857DC2F8"}, "new": false}, "version": "1.0"}', 'difficult': 0, 'used_questions': [], 'correct_answer': ''}
INFO:werkzeug:127.0.0.1 - - [26/Apr/2024 18:26:05] "POST /post HTTP/1.1" 200 -
INFO:werkzeug: * Detected change in 'C:\\Users\\IT-1\\Desktop\\GriViktor\\Alica_geograph\\database.py', reloading
INFO:werkzeug: * Restarting with stat
WARNING:werkzeug: * Debugger is active!
INFO:werkzeug: * Debugger PIN: 201-820-722
INFO:werkzeug: * Detected change in 'C:\\Users\\IT-1\\Desktop\\GriViktor\\Alica_geograph\\server.py', reloading
INFO:werkzeug: * Restarting with stat
WARNING:werkzeug: * Debugger is active!
INFO:werkzeug: * Debugger PIN: 201-820-722
DEBUG:root:{'user_id': '2eac4854-fce721f3-b845abba-20d60', 'total_count_questions': 7, 'current_question': 1, 'count_correct_answers': 0, 'dialog_state': 'asking', 'categories': [], 'last_resp': '{"response": {"text": "", "tts": "", "end_session": false}, "session": {"message_id": 1, "session_id": "2eac4854-fce721f3-b845abba-20d60", "skill_id": "3ad36498-f5rd-4079-a14b-788652932056", "user_id": "47C73714B580ED2469056E71081159529FFC676A4E5B059D629A819E857DC2F8", "user": {"user_id": "6C91DA5198D1758C6A9F63A7C5CDDF09359F683B13A18A151FBF4C8B092BB0C2", "access_token": "AgAAAAAB4vpbAAApoR1oaCd5yR6eiXSHqOGT8dT"}, "application": {"application_id": "47C73714B580ED2469056E71081159529FFC676A4E5B059D629A819E857DC2F8"}, "new": false}, "version": "1.0"}', 'difficult': 0, 'used_questions': [], 'correct_answer': ''}
INFO:werkzeug:127.0.0.1 - - [26/Apr/2024 18:37:36] "POST /post HTTP/1.1" 200 -
INFO:werkzeug:[31m[1mWARNING: This is a development server. Do not use it in a production deployment. Use a production WSGI server instead.[0m
 * Running on http://127.0.0.1:8000
INFO:werkzeug:[33mPress CTRL+C to quit[0m
INFO:werkzeug: * Restarting with stat
WARNING:werkzeug: * Debugger is active!
INFO:werkzeug: * Debugger PIN: 304-615-930
DEBUG:root:{'user_id': '2eac4854-fce721f3-b845abba-20d60', 'total_count_questions': -1, 'current_question': -1, 'count_correct_answers': -1, 'dialog_state': 'choice_difficult', 'categories': [], 'last_resp': '{"response": {"text": "\\u041f\\u0440\\u0438\\u0432\\u0435\\u0442, \\u0432 \\u044d\\u0442\\u043e\\u043c \\u043d\\u0430\\u0432\\u044b\\u043a\\u0435 \\u043c\\u044b \\u043f\\u0440\\u043e\\u0432\\u0435\\u0440\\u0438\\u043c \\u0442\\u0432\\u043e\\u0451 \\u0437\\u043d\\u0430\\u043d\\u0438\\u0435 \\u043f\\u043e \\u043f\\u0440\\u0435\\u0434\\u043c\\u0435\\u0442\\u0443 \\"\\u0413\\u0435\\u043e\\u0433\\u0440\\u0430\\u0444\\u0438\\u044f\\". \\u041d\\u0430\\u0447\\u0438\\u043d\\u0430\\u0435\\u043c!\\n\\u0412\\u044b\\u0431\\u0435\\u0440\\u0438\\u0442\\u0435 \\u0443\\u0440\\u043e\\u0432\\u0435\\u043d\\u044c \\u0441\\u043b\\u043e\\u0436\\u043d\\u043e\\u0441\\u0442\\u0438:", "tts": "\\u041f\\u0440\\u0438\\u0432\\u0435\\u0442, \\u0432 \\u044d\\u0442\\u043e\\u043c \\u043d\\u0430\\u0432\\u044b\\u043a\\u0435 \\u043c\\u044b \\u043f\\u0440\\u043e\\u0432\\u0435\\u0440\\u0438\\u043c \\u0442\\u0432\\u043e\\u0451 \\u0437\\u043d\\u0430\\u043d\\u0438\\u0435 \\u043f\\u043e \\u043f\\u0440\\u0435\\u0434\\u043c\\u0435\\u0442\\u0443 \\"\\u0413\\u0435\\u043e\\u0433\\u0440\\u0430\\u0444\\u0438\\u044f\\". \\u041d\\u0430\\u0447\\u0438\\u043d\\u0430\\u0435\\u043c!\\n\\u0412\\u044b\\u0431\\u0435\\u0440\\u0438\\u0442\\u0435 \\u0443\\u0440\\u043e\\u0432\\u0435\\u043d\\u044c \\u0441\\u043b\\u043e\\u0436\\u043d\\u043e\\u0441\\u0442\\u0438:", "end_session": false, "buttons": [{"title": "\\u0411\\u0430\\u0437\\u043e\\u0432\\u044b\\u0439", "hide": true}, {"title": "\\u0421\\u0440\\u0435\\u0434\\u043d\\u0438\\u0439", "hide": true}, {"title": "\\u0421\\u043b\\u043e\\u0436\\u043d\\u044b\\u0439", "hide": true}]}, "session": {"message_id": 1, "session_id": "2eac4854-fce721f3-b845abba-20d60", "skill_id": "3ad36498-f5rd-4079-a14b-788652932056", "user_id": "47C73714B580ED2469056E71081159529FFC676A4E5B059D629A819E857DC2F8", "user": {"user_id": "6C91DA5198D1758C6A9F63A7C5CDDF09359F683B13A18A151FBF4C8B092BB0C2", "access_token": "AgAAAAAB4vpbAAApoR1oaCd5yR6eiXSHqOGT8dT"}, "application": {"application_id": "47C73714B580ED2469056E71081159529FFC676A4E5B059D629A819E857DC2F8"}, "new": true}, "version": "1.0"}', 'difficult': -1, 'used_questions': [], 'correct_answer': ''}
INFO:werkzeug:127.0.0.1 - - [29/Apr/2024 11:33:47] "POST /post HTTP/1.1" 200 -
DEBUG:root:{'user_id': '2eac4854-fce721f3-b845abba-20d60', 'total_count_questions': 7, 'current_question': 1, 'count_correct_answers': 0, 'dialog_state': 'choice_categories', 'categories': [], 'last_resp': '{"response": {"text": "\\u0422\\u0435\\u043f\\u0435\\u0440\\u044c \\u0432\\u044b\\u0431\\u0435\\u0440\\u0438\\u0442\\u0435 \\u043a\\u0430\\u0442\\u0435\\u0433\\u043e\\u0440\\u0438\\u0438 \\u0432\\u043e\\u043f\\u0440\\u043e\\u0441\\u043e\\u0432", "tts": "\\u0422\\u0435\\u043f\\u0435\\u0440\\u044c \\u0432\\u044b\\u0431\\u0435\\u0440\\u0438\\u0442\\u0435 \\u043a\\u0430\\u0442\\u0435\\u0433\\u043e\\u0440\\u0438\\u0438 \\u0432\\u043e\\u043f\\u0440\\u043e\\u0441\\u043e\\u0432", "end_session": false, "buttons": [{"title": "\\u0412\\u0441\\u0435", "hide": true}, {"title": "\\u0413\\u043e\\u0440\\u044b", "hide": true}, {"title": "\\u0420\\u0435\\u043a\\u0438", "hide": true}]}, "session": {"message_id": 1, "session_id": "2eac4854-fce721f3-b845abba-20d60", "skill_id": "3ad36498-f5rd-4079-a14b-788652932056", "user_id": "47C73714B580ED2469056E71081159529FFC676A4E5B059D629A819E857DC2F8", "user": {"user_id": "6C91DA5198D1758C6A9F63A7C5CDDF09359F683B13A18A151FBF4C8B092BB0C2", "access_token": "AgAAAAAB4vpbAAApoR1oaCd5yR6eiXSHqOGT8dT"}, "application": {"application_id": "47C73714B580ED2469056E71081159529FFC676A4E5B059D629A819E857DC2F8"}, "new": false}, "version": "1.0"}', 'difficult': 0, 'used_questions': [], 'correct_answer': ''}
INFO:werkzeug:127.0.0.1 - - [29/Apr/2024 11:34:25] "POST /post HTTP/1.1" 200 -
DEBUG:root:{'user_id': '2eac4854-fce721f3-b845abba-20d60', 'total_count_questions': 7, 'current_question': 1, 'count_correct_answers': 0, 'dialog_state': 'asking', 'categories': [], 'last_resp': '{"response": {"text": "", "tts": "", "end_session": false}, "session": {"message_id": 1, "session_id": "2eac4854-fce721f3-b845abba-20d60", "skill_id": "3ad36498-f5rd-4079-a14b-788652932056", "user_id": "47C73714B580ED2469056E71081159529FFC676A4E5B059D629A819E857DC2F8", "user": {"user_id": "6C91DA5198D1758C6A9F63A7C5CDDF09359F683B13A18A151FBF4C8B092BB0C2", "access_token": "AgAAAAAB4vpbAAApoR1oaCd5yR6eiXSHqOGT8dT"}, "application": {"application_id": "47C73714B580ED2469056E71081159529FFC676A4E5B059D629A819E857DC2F8"}, "new": false}, "version": "1.0"}', 'difficult': 0, 'used_questions': [], 'correct_answer': ''}
INFO:werkzeug:127.0.0.1 - - [29/Apr/2024 11:34:34] "POST /post HTTP/1.1" 200 -
INFO:werkzeug: * Detected change in 'C:\\Users\\vitya\\Desktop\\Vitya\\Programming\\yandex_lyceum\\industrial_programming\\Alica_geograph\\database.py', reloading
INFO:werkzeug: * Restarting with stat
WARNING:werkzeug: * Debugger is active!
INFO:werkzeug: * Debugger PIN: 304-615-930
INFO:werkzeug: * Detected change in 'C:\\Users\\vitya\\Desktop\\Vitya\\Programming\\yandex_lyceum\\industrial_programming\\Alica_geograph\\server.py', reloading
INFO:werkzeug: * Restarting with stat
WARNING:werkzeug: * Debugger is active!
INFO:werkzeug: * Debugger PIN: 304-615-930
INFO:werkzeug: * Detected change in 'C:\\Users\\vitya\\Desktop\\Vitya\\Programming\\yandex_lyceum\\industrial_programming\\Alica_geograph\\database.py', reloading
INFO:werkzeug: * Restarting with stat
WARNING:werkzeug: * Debugger is active!
INFO:werkzeug: * Debugger PIN: 304-615-930
